<?xml version="1.0" encoding="UTF-8"?>
<testng-results skipped="0" failed="0" ignored="0" total="1" passed="1">
  <reporter-output>
  </reporter-output>
  <suite name="Suite" duration-ms="10941" started-at="2018-04-22T06:02:17Z" finished-at="2018-04-22T06:02:28Z">
    <groups>
    </groups>
    <test name="Test" duration-ms="10941" started-at="2018-04-22T06:02:17Z" finished-at="2018-04-22T06:02:28Z">
      <class name="com.testcases.Tc_Maventest">
        <test-method status="PASS" signature="launchBrowser()[pri:0, instance:com.testcases.Tc_Maventest@482f8f11]" name="launchBrowser" duration-ms="10890" started-at="2018-04-22T11:32:17Z" finished-at="2018-04-22T11:32:28Z">
          <reporter-output>
          </reporter-output>
        </test-method> <!-- launchBrowser -->
      </class> <!-- com.testcases.Tc_Maventest -->
    </test> <!-- Test -->
  </suite> <!-- Suite -->
</testng-results>
